<?xml version="1.0" encoding="UTF-8"?>
<testsuite xmlns:xsi="http://www.w3.org/2001/XMLSchema-instance" xsi:noNamespaceSchemaLocation="https://maven.apache.org/surefire/maven-surefire-plugin/xsd/surefire-test-report-3.0.xsd" version="3.0" name="com.niladri.MoneyManagement.MoneyManagementApplicationTests" time="11.956" tests="1" errors="0" skipped="0" failures="0">
  <properties>
    <property name="java.specification.version" value="21"/>
    <property name="sun.cpu.isalist" value="amd64"/>
    <property name="sun.jnu.encoding" value="Cp1252"/>
    <property name="java.class.path" value="E:\projects\Salt clone\MoneyManagement\target\test-classes;E:\projects\Salt clone\MoneyManagement\target\classes;C:\Users\acer pc\.m2\repository\org\springframework\boot\spring-boot-starter-data-mongodb\3.2.1\spring-boot-starter-data-mongodb-3.2.1.jar;C:\Users\acer pc\.m2\repository\org\springframework\boot\spring-boot-starter\3.2.1\spring-boot-starter-3.2.1.jar;C:\Users\acer pc\.m2\repository\org\springframework\boot\spring-boot-starter-logging\3.2.1\spring-boot-starter-logging-3.2.1.jar;C:\Users\acer pc\.m2\repository\ch\qos\logback\logback-classic\1.4.14\logback-classic-1.4.14.jar;C:\Users\acer pc\.m2\repository\ch\qos\logback\logback-core\1.4.14\logback-core-1.4.14.jar;C:\Users\acer pc\.m2\repository\org\apache\logging\log4j\log4j-to-slf4j\2.21.1\log4j-to-slf4j-2.21.1.jar;C:\Users\acer pc\.m2\repository\org\apache\logging\log4j\log4j-api\2.21.1\log4j-api-2.21.1.jar;C:\Users\acer pc\.m2\repository\org\slf4j\jul-to-slf4j\2.0.9\jul-to-slf4j-2.0.9.jar;C:\Users\acer pc\.m2\repository\jakarta\annotation\jakarta.annotation-api\2.1.1\jakarta.annotation-api-2.1.1.jar;C:\Users\acer pc\.m2\repository\org\yaml\snakeyaml\2.2\snakeyaml-2.2.jar;C:\Users\acer pc\.m2\repository\org\mongodb\mongodb-driver-sync\4.11.1\mongodb-driver-sync-4.11.1.jar;C:\Users\acer pc\.m2\repository\org\mongodb\bson\4.11.1\bson-4.11.1.jar;C:\Users\acer pc\.m2\repository\org\mongodb\mongodb-driver-core\4.11.1\mongodb-driver-core-4.11.1.jar;C:\Users\acer pc\.m2\repository\org\mongodb\bson-record-codec\4.11.1\bson-record-codec-4.11.1.jar;C:\Users\acer pc\.m2\repository\org\springframework\data\spring-data-mongodb\4.2.1\spring-data-mongodb-4.2.1.jar;C:\Users\acer pc\.m2\repository\org\springframework\spring-tx\6.1.2\spring-tx-6.1.2.jar;C:\Users\acer pc\.m2\repository\org\springframework\spring-context\6.1.2\spring-context-6.1.2.jar;C:\Users\acer pc\.m2\repository\org\springframework\spring-beans\6.1.2\spring-beans-6.1.2.jar;C:\Users\acer pc\.m2\repository\org\springframework\spring-expression\6.1.2\spring-expression-6.1.2.jar;C:\Users\acer pc\.m2\repository\org\springframework\data\spring-data-commons\3.2.1\spring-data-commons-3.2.1.jar;C:\Users\acer pc\.m2\repository\org\slf4j\slf4j-api\2.0.9\slf4j-api-2.0.9.jar;C:\Users\acer pc\.m2\repository\org\springframework\boot\spring-boot-starter-validation\3.2.1\spring-boot-starter-validation-3.2.1.jar;C:\Users\acer pc\.m2\repository\org\apache\tomcat\embed\tomcat-embed-el\10.1.17\tomcat-embed-el-10.1.17.jar;C:\Users\acer pc\.m2\repository\org\hibernate\validator\hibernate-validator\8.0.1.Final\hibernate-validator-8.0.1.Final.jar;C:\Users\acer pc\.m2\repository\jakarta\validation\jakarta.validation-api\3.0.2\jakarta.validation-api-3.0.2.jar;C:\Users\acer pc\.m2\repository\org\jboss\logging\jboss-logging\3.5.3.Final\jboss-logging-3.5.3.Final.jar;C:\Users\acer pc\.m2\repository\com\fasterxml\classmate\1.6.0\classmate-1.6.0.jar;C:\Users\acer pc\.m2\repository\org\springframework\boot\spring-boot-starter-web\3.2.1\spring-boot-starter-web-3.2.1.jar;C:\Users\acer pc\.m2\repository\org\springframework\boot\spring-boot-starter-json\3.2.1\spring-boot-starter-json-3.2.1.jar;C:\Users\acer pc\.m2\repository\com\fasterxml\jackson\datatype\jackson-datatype-jdk8\2.15.3\jackson-datatype-jdk8-2.15.3.jar;C:\Users\acer pc\.m2\repository\com\fasterxml\jackson\datatype\jackson-datatype-jsr310\2.15.3\jackson-datatype-jsr310-2.15.3.jar;C:\Users\acer pc\.m2\repository\com\fasterxml\jackson\module\jackson-module-parameter-names\2.15.3\jackson-module-parameter-names-2.15.3.jar;C:\Users\acer pc\.m2\repository\org\springframework\boot\spring-boot-starter-tomcat\3.2.1\spring-boot-starter-tomcat-3.2.1.jar;C:\Users\acer pc\.m2\repository\org\apache\tomcat\embed\tomcat-embed-core\10.1.17\tomcat-embed-core-10.1.17.jar;C:\Users\acer pc\.m2\repository\org\apache\tomcat\embed\tomcat-embed-websocket\10.1.17\tomcat-embed-websocket-10.1.17.jar;C:\Users\acer pc\.m2\repository\org\springframework\spring-web\6.1.2\spring-web-6.1.2.jar;C:\Users\acer pc\.m2\repository\io\micrometer\micrometer-observation\1.12.1\micrometer-observation-1.12.1.jar;C:\Users\acer pc\.m2\repository\io\micrometer\micrometer-commons\1.12.1\micrometer-commons-1.12.1.jar;C:\Users\acer pc\.m2\repository\org\springframework\spring-webmvc\6.1.2\spring-webmvc-6.1.2.jar;C:\Users\acer pc\.m2\repository\org\springframework\spring-aop\6.1.2\spring-aop-6.1.2.jar;C:\Users\acer pc\.m2\repository\org\springframework\boot\spring-boot-devtools\3.2.1\spring-boot-devtools-3.2.1.jar;C:\Users\acer pc\.m2\repository\org\springframework\boot\spring-boot\3.2.1\spring-boot-3.2.1.jar;C:\Users\acer pc\.m2\repository\org\springframework\boot\spring-boot-autoconfigure\3.2.1\spring-boot-autoconfigure-3.2.1.jar;C:\Users\acer pc\.m2\repository\org\projectlombok\lombok\1.18.30\lombok-1.18.30.jar;C:\Users\acer pc\.m2\repository\io\jsonwebtoken\jjwt-api\0.11.5\jjwt-api-0.11.5.jar;C:\Users\acer pc\.m2\repository\io\jsonwebtoken\jjwt-impl\0.11.5\jjwt-impl-0.11.5.jar;C:\Users\acer pc\.m2\repository\io\jsonwebtoken\jjwt-jackson\0.11.5\jjwt-jackson-0.11.5.jar;C:\Users\acer pc\.m2\repository\com\fasterxml\jackson\core\jackson-databind\2.15.3\jackson-databind-2.15.3.jar;C:\Users\acer pc\.m2\repository\com\fasterxml\jackson\core\jackson-annotations\2.15.3\jackson-annotations-2.15.3.jar;C:\Users\acer pc\.m2\repository\com\fasterxml\jackson\core\jackson-core\2.15.3\jackson-core-2.15.3.jar;C:\Users\acer pc\.m2\repository\org\springframework\boot\spring-boot-starter-test\3.2.1\spring-boot-starter-test-3.2.1.jar;C:\Users\acer pc\.m2\repository\org\springframework\boot\spring-boot-test\3.2.1\spring-boot-test-3.2.1.jar;C:\Users\acer pc\.m2\repository\org\springframework\boot\spring-boot-test-autoconfigure\3.2.1\spring-boot-test-autoconfigure-3.2.1.jar;C:\Users\acer pc\.m2\repository\com\jayway\jsonpath\json-path\2.8.0\json-path-2.8.0.jar;C:\Users\acer pc\.m2\repository\jakarta\xml\bind\jakarta.xml.bind-api\4.0.1\jakarta.xml.bind-api-4.0.1.jar;C:\Users\acer pc\.m2\repository\jakarta\activation\jakarta.activation-api\2.1.2\jakarta.activation-api-2.1.2.jar;C:\Users\acer pc\.m2\repository\net\minidev\json-smart\2.5.0\json-smart-2.5.0.jar;C:\Users\acer pc\.m2\repository\net\minidev\accessors-smart\2.5.0\accessors-smart-2.5.0.jar;C:\Users\acer pc\.m2\repository\org\ow2\asm\asm\9.3\asm-9.3.jar;C:\Users\acer pc\.m2\repository\org\assertj\assertj-core\3.24.2\assertj-core-3.24.2.jar;C:\Users\acer pc\.m2\repository\net\bytebuddy\byte-buddy\1.14.10\byte-buddy-1.14.10.jar;C:\Users\acer pc\.m2\repository\org\awaitility\awaitility\4.2.0\awaitility-4.2.0.jar;C:\Users\acer pc\.m2\repository\org\hamcrest\hamcrest\2.2\hamcrest-2.2.jar;C:\Users\acer pc\.m2\repository\org\junit\jupiter\junit-jupiter\5.10.1\junit-jupiter-5.10.1.jar;C:\Users\acer pc\.m2\repository\org\junit\jupiter\junit-jupiter-api\5.10.1\junit-jupiter-api-5.10.1.jar;C:\Users\acer pc\.m2\repository\org\opentest4j\opentest4j\1.3.0\opentest4j-1.3.0.jar;C:\Users\acer pc\.m2\repository\org\junit\platform\junit-platform-commons\1.10.1\junit-platform-commons-1.10.1.jar;C:\Users\acer pc\.m2\repository\org\apiguardian\apiguardian-api\1.1.2\apiguardian-api-1.1.2.jar;C:\Users\acer pc\.m2\repository\org\junit\jupiter\junit-jupiter-params\5.10.1\junit-jupiter-params-5.10.1.jar;C:\Users\acer pc\.m2\repository\org\junit\jupiter\junit-jupiter-engine\5.10.1\junit-jupiter-engine-5.10.1.jar;C:\Users\acer pc\.m2\repository\org\junit\platform\junit-platform-engine\1.10.1\junit-platform-engine-1.10.1.jar;C:\Users\acer pc\.m2\repository\org\mockito\mockito-core\5.7.0\mockito-core-5.7.0.jar;C:\Users\acer pc\.m2\repository\net\bytebuddy\byte-buddy-agent\1.14.10\byte-buddy-agent-1.14.10.jar;C:\Users\acer pc\.m2\repository\org\objenesis\objenesis\3.3\objenesis-3.3.jar;C:\Users\acer pc\.m2\repository\org\mockito\mockito-junit-jupiter\5.7.0\mockito-junit-jupiter-5.7.0.jar;C:\Users\acer pc\.m2\repository\org\skyscreamer\jsonassert\1.5.1\jsonassert-1.5.1.jar;C:\Users\acer pc\.m2\repository\com\vaadin\external\google\android-json\0.0.20131108.vaadin1\android-json-0.0.20131108.vaadin1.jar;C:\Users\acer pc\.m2\repository\org\springframework\spring-core\6.1.2\spring-core-6.1.2.jar;C:\Users\acer pc\.m2\repository\org\springframework\spring-jcl\6.1.2\spring-jcl-6.1.2.jar;C:\Users\acer pc\.m2\repository\org\springframework\spring-test\6.1.2\spring-test-6.1.2.jar;C:\Users\acer pc\.m2\repository\org\xmlunit\xmlunit-core\2.9.1\xmlunit-core-2.9.1.jar;"/>
    <property name="java.vm.vendor" value="Oracle Corporation"/>
    <property name="sun.arch.data.model" value="64"/>
    <property name="user.variant" value=""/>
    <property name="java.vendor.url" value="https://java.oracle.com/"/>
    <property name="user.timezone" value="Asia/Calcutta"/>
    <property name="org.jboss.logging.provider" value="slf4j"/>
    <property name="os.name" value="Windows 11"/>
    <property name="java.vm.specification.version" value="21"/>
    <property name="sun.java.launcher" value="SUN_STANDARD"/>
    <property name="user.country" value="IN"/>
    <property name="sun.boot.library.path" value="C:\Users\acer pc\.jdks\openjdk-21.0.1\bin"/>
    <property name="sun.java.command" value="C:\Users\acer pc\AppData\Local\Temp\surefire14875361928916424255\surefirebooter-20240106155106332_3.jar C:\Users\acer pc\AppData\Local\Temp\surefire14875361928916424255 2024-01-06T15-51-05_571-jvmRun1 surefire-20240106155106332_1tmp surefire_0-20240106155106332_2tmp"/>
    <property name="jdk.debug" value="release"/>
    <property name="surefire.test.class.path" value="E:\projects\Salt clone\MoneyManagement\target\test-classes;E:\projects\Salt clone\MoneyManagement\target\classes;C:\Users\acer pc\.m2\repository\org\springframework\boot\spring-boot-starter-data-mongodb\3.2.1\spring-boot-starter-data-mongodb-3.2.1.jar;C:\Users\acer pc\.m2\repository\org\springframework\boot\spring-boot-starter\3.2.1\spring-boot-starter-3.2.1.jar;C:\Users\acer pc\.m2\repository\org\springframework\boot\spring-boot-starter-logging\3.2.1\spring-boot-starter-logging-3.2.1.jar;C:\Users\acer pc\.m2\repository\ch\qos\logback\logback-classic\1.4.14\logback-classic-1.4.14.jar;C:\Users\acer pc\.m2\repository\ch\qos\logback\logback-core\1.4.14\logback-core-1.4.14.jar;C:\Users\acer pc\.m2\repository\org\apache\logging\log4j\log4j-to-slf4j\2.21.1\log4j-to-slf4j-2.21.1.jar;C:\Users\acer pc\.m2\repository\org\apache\logging\log4j\log4j-api\2.21.1\log4j-api-2.21.1.jar;C:\Users\acer pc\.m2\repository\org\slf4j\jul-to-slf4j\2.0.9\jul-to-slf4j-2.0.9.jar;C:\Users\acer pc\.m2\repository\jakarta\annotation\jakarta.annotation-api\2.1.1\jakarta.annotation-api-2.1.1.jar;C:\Users\acer pc\.m2\repository\org\yaml\snakeyaml\2.2\snakeyaml-2.2.jar;C:\Users\acer pc\.m2\repository\org\mongodb\mongodb-driver-sync\4.11.1\mongodb-driver-sync-4.11.1.jar;C:\Users\acer pc\.m2\repository\org\mongodb\bson\4.11.1\bson-4.11.1.jar;C:\Users\acer pc\.m2\repository\org\mongodb\mongodb-driver-core\4.11.1\mongodb-driver-core-4.11.1.jar;C:\Users\acer pc\.m2\repository\org\mongodb\bson-record-codec\4.11.1\bson-record-codec-4.11.1.jar;C:\Users\acer pc\.m2\repository\org\springframework\data\spring-data-mongodb\4.2.1\spring-data-mongodb-4.2.1.jar;C:\Users\acer pc\.m2\repository\org\springframework\spring-tx\6.1.2\spring-tx-6.1.2.jar;C:\Users\acer pc\.m2\repository\org\springframework\spring-context\6.1.2\spring-context-6.1.2.jar;C:\Users\acer pc\.m2\repository\org\springframework\spring-beans\6.1.2\spring-beans-6.1.2.jar;C:\Users\acer pc\.m2\repository\org\springframework\spring-expression\6.1.2\spring-expression-6.1.2.jar;C:\Users\acer pc\.m2\repository\org\springframework\data\spring-data-commons\3.2.1\spring-data-commons-3.2.1.jar;C:\Users\acer pc\.m2\repository\org\slf4j\slf4j-api\2.0.9\slf4j-api-2.0.9.jar;C:\Users\acer pc\.m2\repository\org\springframework\boot\spring-boot-starter-validation\3.2.1\spring-boot-starter-validation-3.2.1.jar;C:\Users\acer pc\.m2\repository\org\apache\tomcat\embed\tomcat-embed-el\10.1.17\tomcat-embed-el-10.1.17.jar;C:\Users\acer pc\.m2\repository\org\hibernate\validator\hibernate-validator\8.0.1.Final\hibernate-validator-8.0.1.Final.jar;C:\Users\acer pc\.m2\repository\jakarta\validation\jakarta.validation-api\3.0.2\jakarta.validation-api-3.0.2.jar;C:\Users\acer pc\.m2\repository\org\jboss\logging\jboss-logging\3.5.3.Final\jboss-logging-3.5.3.Final.jar;C:\Users\acer pc\.m2\repository\com\fasterxml\classmate\1.6.0\classmate-1.6.0.jar;C:\Users\acer pc\.m2\repository\org\springframework\boot\spring-boot-starter-web\3.2.1\spring-boot-starter-web-3.2.1.jar;C:\Users\acer pc\.m2\repository\org\springframework\boot\spring-boot-starter-json\3.2.1\spring-boot-starter-json-3.2.1.jar;C:\Users\acer pc\.m2\repository\com\fasterxml\jackson\datatype\jackson-datatype-jdk8\2.15.3\jackson-datatype-jdk8-2.15.3.jar;C:\Users\acer pc\.m2\repository\com\fasterxml\jackson\datatype\jackson-datatype-jsr310\2.15.3\jackson-datatype-jsr310-2.15.3.jar;C:\Users\acer pc\.m2\repository\com\fasterxml\jackson\module\jackson-module-parameter-names\2.15.3\jackson-module-parameter-names-2.15.3.jar;C:\Users\acer pc\.m2\repository\org\springframework\boot\spring-boot-starter-tomcat\3.2.1\spring-boot-starter-tomcat-3.2.1.jar;C:\Users\acer pc\.m2\repository\org\apache\tomcat\embed\tomcat-embed-core\10.1.17\tomcat-embed-core-10.1.17.jar;C:\Users\acer pc\.m2\repository\org\apache\tomcat\embed\tomcat-embed-websocket\10.1.17\tomcat-embed-websocket-10.1.17.jar;C:\Users\acer pc\.m2\repository\org\springframework\spring-web\6.1.2\spring-web-6.1.2.jar;C:\Users\acer pc\.m2\repository\io\micrometer\micrometer-observation\1.12.1\micrometer-observation-1.12.1.jar;C:\Users\acer pc\.m2\repository\io\micrometer\micrometer-commons\1.12.1\micrometer-commons-1.12.1.jar;C:\Users\acer pc\.m2\repository\org\springframework\spring-webmvc\6.1.2\spring-webmvc-6.1.2.jar;C:\Users\acer pc\.m2\repository\org\springframework\spring-aop\6.1.2\spring-aop-6.1.2.jar;C:\Users\acer pc\.m2\repository\org\springframework\boot\spring-boot-devtools\3.2.1\spring-boot-devtools-3.2.1.jar;C:\Users\acer pc\.m2\repository\org\springframework\boot\spring-boot\3.2.1\spring-boot-3.2.1.jar;C:\Users\acer pc\.m2\repository\org\springframework\boot\spring-boot-autoconfigure\3.2.1\spring-boot-autoconfigure-3.2.1.jar;C:\Users\acer pc\.m2\repository\org\projectlombok\lombok\1.18.30\lombok-1.18.30.jar;C:\Users\acer pc\.m2\repository\io\jsonwebtoken\jjwt-api\0.11.5\jjwt-api-0.11.5.jar;C:\Users\acer pc\.m2\repository\io\jsonwebtoken\jjwt-impl\0.11.5\jjwt-impl-0.11.5.jar;C:\Users\acer pc\.m2\repository\io\jsonwebtoken\jjwt-jackson\0.11.5\jjwt-jackson-0.11.5.jar;C:\Users\acer pc\.m2\repository\com\fasterxml\jackson\core\jackson-databind\2.15.3\jackson-databind-2.15.3.jar;C:\Users\acer pc\.m2\repository\com\fasterxml\jackson\core\jackson-annotations\2.15.3\jackson-annotations-2.15.3.jar;C:\Users\acer pc\.m2\repository\com\fasterxml\jackson\core\jackson-core\2.15.3\jackson-core-2.15.3.jar;C:\Users\acer pc\.m2\repository\org\springframework\boot\spring-boot-starter-test\3.2.1\spring-boot-starter-test-3.2.1.jar;C:\Users\acer pc\.m2\repository\org\springframework\boot\spring-boot-test\3.2.1\spring-boot-test-3.2.1.jar;C:\Users\acer pc\.m2\repository\org\springframework\boot\spring-boot-test-autoconfigure\3.2.1\spring-boot-test-autoconfigure-3.2.1.jar;C:\Users\acer pc\.m2\repository\com\jayway\jsonpath\json-path\2.8.0\json-path-2.8.0.jar;C:\Users\acer pc\.m2\repository\jakarta\xml\bind\jakarta.xml.bind-api\4.0.1\jakarta.xml.bind-api-4.0.1.jar;C:\Users\acer pc\.m2\repository\jakarta\activation\jakarta.activation-api\2.1.2\jakarta.activation-api-2.1.2.jar;C:\Users\acer pc\.m2\repository\net\minidev\json-smart\2.5.0\json-smart-2.5.0.jar;C:\Users\acer pc\.m2\repository\net\minidev\accessors-smart\2.5.0\accessors-smart-2.5.0.jar;C:\Users\acer pc\.m2\repository\org\ow2\asm\asm\9.3\asm-9.3.jar;C:\Users\acer pc\.m2\repository\org\assertj\assertj-core\3.24.2\assertj-core-3.24.2.jar;C:\Users\acer pc\.m2\repository\net\bytebuddy\byte-buddy\1.14.10\byte-buddy-1.14.10.jar;C:\Users\acer pc\.m2\repository\org\awaitility\awaitility\4.2.0\awaitility-4.2.0.jar;C:\Users\acer pc\.m2\repository\org\hamcrest\hamcrest\2.2\hamcrest-2.2.jar;C:\Users\acer pc\.m2\repository\org\junit\jupiter\junit-jupiter\5.10.1\junit-jupiter-5.10.1.jar;C:\Users\acer pc\.m2\repository\org\junit\jupiter\junit-jupiter-api\5.10.1\junit-jupiter-api-5.10.1.jar;C:\Users\acer pc\.m2\repository\org\opentest4j\opentest4j\1.3.0\opentest4j-1.3.0.jar;C:\Users\acer pc\.m2\repository\org\junit\platform\junit-platform-commons\1.10.1\junit-platform-commons-1.10.1.jar;C:\Users\acer pc\.m2\repository\org\apiguardian\apiguardian-api\1.1.2\apiguardian-api-1.1.2.jar;C:\Users\acer pc\.m2\repository\org\junit\jupiter\junit-jupiter-params\5.10.1\junit-jupiter-params-5.10.1.jar;C:\Users\acer pc\.m2\repository\org\junit\jupiter\junit-jupiter-engine\5.10.1\junit-jupiter-engine-5.10.1.jar;C:\Users\acer pc\.m2\repository\org\junit\platform\junit-platform-engine\1.10.1\junit-platform-engine-1.10.1.jar;C:\Users\acer pc\.m2\repository\org\mockito\mockito-core\5.7.0\mockito-core-5.7.0.jar;C:\Users\acer pc\.m2\repository\net\bytebuddy\byte-buddy-agent\1.14.10\byte-buddy-agent-1.14.10.jar;C:\Users\acer pc\.m2\repository\org\objenesis\objenesis\3.3\objenesis-3.3.jar;C:\Users\acer pc\.m2\repository\org\mockito\mockito-junit-jupiter\5.7.0\mockito-junit-jupiter-5.7.0.jar;C:\Users\acer pc\.m2\repository\org\skyscreamer\jsonassert\1.5.1\jsonassert-1.5.1.jar;C:\Users\acer pc\.m2\repository\com\vaadin\external\google\android-json\0.0.20131108.vaadin1\android-json-0.0.20131108.vaadin1.jar;C:\Users\acer pc\.m2\repository\org\springframework\spring-core\6.1.2\spring-core-6.1.2.jar;C:\Users\acer pc\.m2\repository\org\springframework\spring-jcl\6.1.2\spring-jcl-6.1.2.jar;C:\Users\acer pc\.m2\repository\org\springframework\spring-test\6.1.2\spring-test-6.1.2.jar;C:\Users\acer pc\.m2\repository\org\xmlunit\xmlunit-core\2.9.1\xmlunit-core-2.9.1.jar;"/>
    <property name="sun.cpu.endian" value="little"/>
    <property name="user.home" value="C:\Users\acer pc"/>
    <property name="user.language" value="en"/>
    <property name="java.specification.vendor" value="Oracle Corporation"/>
    <property name="java.version.date" value="2023-10-17"/>
    <property name="java.home" value="C:\Users\acer pc\.jdks\openjdk-21.0.1"/>
    <property name="file.separator" value="\"/>
    <property name="basedir" value="E:\projects\Salt clone\MoneyManagement"/>
    <property name="java.vm.compressedOopsMode" value="32-bit"/>
    <property name="line.separator" value="&#10;"/>
    <property name="java.vm.specification.vendor" value="Oracle Corporation"/>
    <property name="java.specification.name" value="Java Platform API Specification"/>
    <property name="FILE_LOG_CHARSET" value="UTF-8"/>
    <property name="java.awt.headless" value="true"/>
    <property name="surefire.real.class.path" value="C:\Users\acer pc\AppData\Local\Temp\surefire14875361928916424255\surefirebooter-20240106155106332_3.jar"/>
    <property name="user.script" value=""/>
    <property name="sun.management.compiler" value="HotSpot 64-Bit Tiered Compilers"/>
    <property name="java.runtime.version" value="21.0.1+12-29"/>
    <property name="user.name" value="acer pc"/>
    <property name="stdout.encoding" value="Cp1252"/>
    <property name="path.separator" value=";"/>
    <property name="os.version" value="10.0"/>
    <property name="java.runtime.name" value="OpenJDK Runtime Environment"/>
    <property name="file.encoding" value="UTF-8"/>
    <property name="java.vm.name" value="OpenJDK 64-Bit Server VM"/>
    <property name="localRepository" value="C:\Users\acer pc\.m2\repository"/>
    <property name="java.vendor.url.bug" value="https://bugreport.java.com/bugreport/"/>
    <property name="java.io.tmpdir" value="C:\Users\acer pc\AppData\Local\Temp\"/>
    <property name="idea.version" value="2023.3.2"/>
    <property name="java.version" value="21.0.1"/>
    <property name="user.dir" value="E:\projects\Salt clone\MoneyManagement"/>
    <property name="os.arch" value="amd64"/>
    <property name="java.vm.specification.name" value="Java Virtual Machine Specification"/>
    <property name="PID" value="12384"/>
    <property name="sun.os.patch.level" value=""/>
    <property name="CONSOLE_LOG_CHARSET" value="UTF-8"/>
    <property name="native.encoding" value="Cp1252"/>
    <property name="java.library.path" value="C:\Users\acer pc\.jdks\openjdk-21.0.1\bin;C:\WINDOWS\Sun\Java\bin;C:\WINDOWS\system32;C:\WINDOWS;C:\Program Files (x86)\Common Files\Intel\Shared Libraries\redist\intel64\compiler;C:\Windows\system32;C:\Windows;C:\Windows\System32\Wbem;C:\Windows\System32\WindowsPowerShell\v1.0\;C:\Windows\System32\OpenSSH\;C:\Program Files (x86)\NVIDIA Corporation\PhysX\Common;C:\ProgramData\chocolatey\bin;C:\Program Files\Git\cmd;C:\WINDOWS\system32;C:\WINDOWS;C:\WINDOWS\System32\Wbem;C:\WINDOWS\System32\WindowsPowerShell\v1.0\;C:\WINDOWS\System32\OpenSSH\;C:\Program Files\nodejs\;C:\WINDOWS\system32;C:\WINDOWS;C:\WINDOWS\System32\Wbem;C:\WINDOWS\System32\WindowsPowerShell\v1.0\;C:\WINDOWS\System32\OpenSSH\;C:\Program Files\Microsoft VS Code\bin;C:\Users\acer pc\AppData\Local\Programs\Python\Python39\Scripts\;C:\Users\acer pc\AppData\Local\Programs\Python\Python39\;C:\Users\acer pc\AppData\Local\Microsoft\WindowsApps;C:\Program Files\nodejs;C:\Users\acer pc\AppData\Local\GitHubDesktop\bin;C:\Program Files\heroku\bin;;C:\Program Files\JetBrains\IntelliJ IDEA Community Edition 2023.3.2\bin;;C:\Program Files\Azure Data Studio\bin;C:\Users\acer pc\.dotnet\tools;C:\Users\acer pc\AppData\Roaming\npm;C:\Program Files\sfdx\bin;C:\Users\acer pc\AppData\Local\Programs\Microsoft VS Code\bin;C:\Program Files\JetBrains\IntelliJ IDEA Educational Edition 2022.2.2\bin;;."/>
    <property name="java.vm.info" value="mixed mode, sharing"/>
    <property name="stderr.encoding" value="Cp1252"/>
    <property name="java.vendor" value="Oracle Corporation"/>
    <property name="java.vm.version" value="21.0.1+12-29"/>
    <property name="sun.io.unicode.encoding" value="UnicodeLittle"/>
    <property name="java.class.version" value="65.0"/>
  </properties>
  <testcase name="contextLoads" classname="com.niladri.MoneyManagement.MoneyManagementApplicationTests" time="2.0">
    <system-out><![CDATA[15:51:14.682 [main] INFO org.springframework.test.context.support.AnnotationConfigContextLoaderUtils -- Could not detect default configuration classes for test class [com.niladri.MoneyManagement.MoneyManagementApplicationTests]: MoneyManagementApplicationTests does not declare any static, non-private, non-final, nested classes annotated with @Configuration.
15:51:15.036 [main] INFO org.springframework.boot.test.context.SpringBootTestContextBootstrapper -- Found @SpringBootConfiguration com.niladri.MoneyManagement.MoneyManagementApplication for test class com.niladri.MoneyManagement.MoneyManagementApplicationTests
15:51:15.475 [main] INFO org.springframework.boot.devtools.restart.RestartApplicationListener -- Restart disabled due to context in which it is running

  .   ____          _            __ _ _
 /\\ / ___'_ __ _ _(_)_ __  __ _ \ \ \ \
( ( )\___ | '_ | '_| | '_ \/ _` | \ \ \ \
 \\/  ___)| |_)| | | | | || (_| |  ) ) ) )
  '  |____| .__|_| |_|_| |_\__, | / / / /
 =========|_|==============|___/=/_/_/_/
 :: Spring Boot ::                (v3.2.1)

2024-01-06T15:51:16.092+05:30  INFO 12384 --- [           main] c.n.M.MoneyManagementApplicationTests    : Starting MoneyManagementApplicationTests using Java 21.0.1 with PID 12384 (started by acer pc in E:\projects\Salt clone\MoneyManagement)
2024-01-06T15:51:16.095+05:30  INFO 12384 --- [           main] c.n.M.MoneyManagementApplicationTests    : No active profile set, falling back to 1 default profile: "default"
2024-01-06T15:51:18.300+05:30  INFO 12384 --- [           main] .s.d.r.c.RepositoryConfigurationDelegate : Bootstrapping Spring Data MongoDB repositories in DEFAULT mode.
2024-01-06T15:51:18.447+05:30  INFO 12384 --- [           main] .s.d.r.c.RepositoryConfigurationDelegate : Finished Spring Data repository scanning in 136 ms. Found 2 MongoDB repository interfaces.
2024-01-06T15:51:20.772+05:30  INFO 12384 --- [           main] org.mongodb.driver.client                : MongoClient with metadata {"driver": {"name": "mongo-java-driver|sync|spring-boot", "version": "4.11.1"}, "os": {"type": "Windows", "name": "Windows 11", "architecture": "amd64", "version": "10.0"}, "platform": "Java/Oracle Corporation/21.0.1+12-29"} created with settings MongoClientSettings{readPreference=primary, writeConcern=WriteConcern{w=null, wTimeout=null ms, journal=null}, retryWrites=true, retryReads=true, readConcern=ReadConcern{level=null}, credential=MongoCredential{mechanism=null, userName='niladri', source='admin', password=<hidden>, mechanismProperties=<hidden>}, transportSettings=null, streamFactoryFactory=null, commandListeners=[], codecRegistry=ProvidersCodecRegistry{codecProviders=[ValueCodecProvider{}, BsonValueCodecProvider{}, DBRefCodecProvider{}, DBObjectCodecProvider{}, DocumentCodecProvider{}, CollectionCodecProvider{}, IterableCodecProvider{}, MapCodecProvider{}, GeoJsonCodecProvider{}, GridFSFileCodecProvider{}, Jsr310CodecProvider{}, JsonObjectCodecProvider{}, BsonCodecProvider{}, EnumCodecProvider{}, com.mongodb.client.model.mql.ExpressionCodecProvider@40ac6b76, com.mongodb.Jep395RecordCodecProvider@7980cf2c, com.mongodb.KotlinCodecProvider@f0020b1]}, loggerSettings=LoggerSettings{maxDocumentLength=1000}, clusterSettings={hosts=[127.0.0.1:27017], srvHost=mampi.yq2z6vy.mongodb.net, srvServiceName=mongodb, mode=MULTIPLE, requiredClusterType=REPLICA_SET, requiredReplicaSetName='atlas-vqjgwa-shard-0', serverSelector='null', clusterListeners='[]', serverSelectionTimeout='30000 ms', localThreshold='15 ms'}, socketSettings=SocketSettings{connectTimeoutMS=10000, readTimeoutMS=0, receiveBufferSize=0, proxySettings=ProxySettings{host=null, port=null, username=null, password=null}}, heartbeatSocketSettings=SocketSettings{connectTimeoutMS=10000, readTimeoutMS=10000, receiveBufferSize=0, proxySettings=ProxySettings{host=null, port=null, username=null, password=null}}, connectionPoolSettings=ConnectionPoolSettings{maxSize=100, minSize=0, maxWaitTimeMS=120000, maxConnectionLifeTimeMS=0, maxConnectionIdleTimeMS=0, maintenanceInitialDelayMS=0, maintenanceFrequencyMS=60000, connectionPoolListeners=[], maxConnecting=2}, serverSettings=ServerSettings{heartbeatFrequencyMS=10000, minHeartbeatFrequencyMS=500, serverListeners='[]', serverMonitorListeners='[]'}, sslSettings=SslSettings{enabled=true, invalidHostNameAllowed=false, context=null}, applicationName='null', compressorList=[], uuidRepresentation=JAVA_LEGACY, serverApi=null, autoEncryptionSettings=null, dnsClient=null, inetAddressResolver=null, contextProvider=null}
2024-01-06T15:51:20.792+05:30  INFO 12384 --- [6vy.mongodb.net] org.mongodb.driver.cluster               : Adding discovered server ac-lvrbwud-shard-00-00.yq2z6vy.mongodb.net:27017 to client view of cluster
2024-01-06T15:51:20.827+05:30  INFO 12384 --- [6vy.mongodb.net] org.mongodb.driver.cluster               : Adding discovered server ac-lvrbwud-shard-00-01.yq2z6vy.mongodb.net:27017 to client view of cluster
2024-01-06T15:51:20.831+05:30  INFO 12384 --- [6vy.mongodb.net] org.mongodb.driver.cluster               : Adding discovered server ac-lvrbwud-shard-00-02.yq2z6vy.mongodb.net:27017 to client view of cluster
2024-01-06T15:51:22.949+05:30  INFO 12384 --- [ngodb.net:27017] org.mongodb.driver.cluster               : Monitor thread successfully connected to server with description ServerDescription{address=ac-lvrbwud-shard-00-01.yq2z6vy.mongodb.net:27017, type=REPLICA_SET_SECONDARY, state=CONNECTED, ok=true, minWireVersion=0, maxWireVersion=17, maxDocumentSize=16777216, logicalSessionTimeoutMinutes=30, roundTripTimeNanos=1098870000, setName='atlas-vqjgwa-shard-0', canonicalAddress=ac-lvrbwud-shard-00-01.yq2z6vy.mongodb.net:27017, hosts=[ac-lvrbwud-shard-00-00.yq2z6vy.mongodb.net:27017, ac-lvrbwud-shard-00-01.yq2z6vy.mongodb.net:27017, ac-lvrbwud-shard-00-02.yq2z6vy.mongodb.net:27017], passives=[], arbiters=[], primary='ac-lvrbwud-shard-00-02.yq2z6vy.mongodb.net:27017', tagSet=TagSet{[Tag{name='availabilityZone', value='aps1-az3'}, Tag{name='nodeType', value='ELECTABLE'}, Tag{name='provider', value='AWS'}, Tag{name='region', value='AP_SOUTH_1'}, Tag{name='workloadType', value='OPERATIONAL'}]}, electionId=null, setVersion=1, topologyVersion=TopologyVersion{processId=659924ace35da50b9538c9b7, counter=3}, lastWriteDate=Sat Jan 06 15:51:35 IST 2024, lastUpdateTimeNanos=21191966187600}
2024-01-06T15:51:22.965+05:30  INFO 12384 --- [ngodb.net:27017] org.mongodb.driver.cluster               : Monitor thread successfully connected to server with description ServerDescription{address=ac-lvrbwud-shard-00-00.yq2z6vy.mongodb.net:27017, type=REPLICA_SET_SECONDARY, state=CONNECTED, ok=true, minWireVersion=0, maxWireVersion=17, maxDocumentSize=16777216, logicalSessionTimeoutMinutes=30, roundTripTimeNanos=1099264600, setName='atlas-vqjgwa-shard-0', canonicalAddress=ac-lvrbwud-shard-00-00.yq2z6vy.mongodb.net:27017, hosts=[ac-lvrbwud-shard-00-00.yq2z6vy.mongodb.net:27017, ac-lvrbwud-shard-00-01.yq2z6vy.mongodb.net:27017, ac-lvrbwud-shard-00-02.yq2z6vy.mongodb.net:27017], passives=[], arbiters=[], primary='ac-lvrbwud-shard-00-02.yq2z6vy.mongodb.net:27017', tagSet=TagSet{[Tag{name='availabilityZone', value='aps1-az1'}, Tag{name='nodeType', value='ELECTABLE'}, Tag{name='provider', value='AWS'}, Tag{name='region', value='AP_SOUTH_1'}, Tag{name='workloadType', value='OPERATIONAL'}]}, electionId=null, setVersion=1, topologyVersion=TopologyVersion{processId=659921dcfc5c7873eb5ad436, counter=4}, lastWriteDate=Sat Jan 06 15:51:35 IST 2024, lastUpdateTimeNanos=21191966718400}
2024-01-06T15:51:22.965+05:30  INFO 12384 --- [ngodb.net:27017] org.mongodb.driver.cluster               : Monitor thread successfully connected to server with description ServerDescription{address=ac-lvrbwud-shard-00-02.yq2z6vy.mongodb.net:27017, type=REPLICA_SET_PRIMARY, state=CONNECTED, ok=true, minWireVersion=0, maxWireVersion=17, maxDocumentSize=16777216, logicalSessionTimeoutMinutes=30, roundTripTimeNanos=1098493900, setName='atlas-vqjgwa-shard-0', canonicalAddress=ac-lvrbwud-shard-00-02.yq2z6vy.mongodb.net:27017, hosts=[ac-lvrbwud-shard-00-00.yq2z6vy.mongodb.net:27017, ac-lvrbwud-shard-00-01.yq2z6vy.mongodb.net:27017, ac-lvrbwud-shard-00-02.yq2z6vy.mongodb.net:27017], passives=[], arbiters=[], primary='ac-lvrbwud-shard-00-02.yq2z6vy.mongodb.net:27017', tagSet=TagSet{[Tag{name='availabilityZone', value='aps1-az2'}, Tag{name='nodeType', value='ELECTABLE'}, Tag{name='provider', value='AWS'}, Tag{name='region', value='AP_SOUTH_1'}, Tag{name='workloadType', value='OPERATIONAL'}]}, electionId=7fffffff0000000000000004, setVersion=1, topologyVersion=TopologyVersion{processId=659923407f607ca2792d2ccb, counter=6}, lastWriteDate=Sat Jan 06 15:51:35 IST 2024, lastUpdateTimeNanos=21191966187600}
2024-01-06T15:51:22.968+05:30  INFO 12384 --- [ngodb.net:27017] org.mongodb.driver.cluster               : Discovered replica set primary ac-lvrbwud-shard-00-02.yq2z6vy.mongodb.net:27017 with max election id 7fffffff0000000000000004 and max set version 1
2024-01-06T15:51:23.795+05:30  INFO 12384 --- [           main] c.n.M.MoneyManagementApplicationTests    : Started MoneyManagementApplicationTests in 8.359 seconds (process running for 16.196)
]]></system-out>
    <system-err><![CDATA[WARNING: A Java agent has been loaded dynamically (C:\Users\acer pc\.m2\repository\net\bytebuddy\byte-buddy-agent\1.14.10\byte-buddy-agent-1.14.10.jar)
WARNING: If a serviceability tool is in use, please run with -XX:+EnableDynamicAgentLoading to hide this warning
WARNING: If a serviceability tool is not in use, please run with -Djdk.instrument.traceUsage for more information
WARNING: Dynamic loading of agents will be disallowed by default in a future release
]]></system-err>
  </testcase>
</testsuite>